<?xml version="1.0" encoding="UTF-8"?>
<!-- Generated by org.testng.reporters.JUnitXMLReporter -->
<testsuite ignored="0" hostname="LAPTOP-BNK08KHG" failures="1" tests="2" name="Test" time="18.286" errors="0" timestamp="2025-08-14T15:05:57 IST">
  <testcase classname="testCases.TC001_AccountRegistrationTest" name="verifyAccountRegistration" time="1.579"/>
  <testcase classname="testCases.TC002_LoginPageTest" name="verifyLogin" time="11.071">
    <failure type="java.lang.AssertionError" message="expected [true] but found [false]">
      <![CDATA[java.lang.AssertionError: expected [true] but found [false]
at testCases.TC002_LoginPageTest.verifyLogin(TC002_LoginPageTest.java:34)
at java.base/java.util.ArrayList.forEach(ArrayList.java:1596)
... Removed 29 stack frames]]>
    </failure>
  </testcase> <!-- verifyLogin -->
</testsuite> <!-- Test -->
