<?xml version="1.0" encoding="UTF-8"?>
<!-- Generated by org.testng.reporters.JUnitXMLReporter -->
<testsuite ignored="0" hostname="LAPTOP-BNK08KHG" failures="1" tests="1" name="Test" time="2.404" errors="0" timestamp="2025-08-13T23:44:46 IST">
  <testcase classname="testCases.TC003_LoginTestDDT" name="verifyLoginDDT" time="0.0">
    <failure type="java.lang.RuntimeException" message="java.lang.NullPointerException: Cannot invoke &amp;quot;org.apache.logging.log4j.Logger.info(String)&amp;quot; because &amp;quot;this.logger&amp;quot; is null">
      <![CDATA[java.lang.RuntimeException: java.lang.NullPointerException: Cannot invoke "org.apache.logging.log4j.Logger.info(String)" because "this.logger" is null
at java.base/java.util.ArrayList.forEach(ArrayList.java:1596)
Caused by: java.lang.NullPointerException: Cannot invoke "org.apache.logging.log4j.Logger.info(String)" because "this.logger" is null
at utilities.DataProviders.getData(DataProviders.java:13)
... 25 more
... Removed 30 stack frames]]>
    </failure>
  </testcase> <!-- verifyLoginDDT -->
</testsuite> <!-- Test -->
